<?xml version="1.0" encoding="UTF-8"?>
<testsuite name="magicalne.github.io.positionmanager.ObjectPoolTest" tests="1" skipped="0" failures="0" errors="0" timestamp="2019-03-25T07:53:48" hostname="magiclanedeMacBook-Pro.local" time="0.003">
  <properties/>
  <testcase name="test" classname="magicalne.github.io.positionmanager.ObjectPoolTest" time="0.003"/>
  <system-out><![CDATA[]]></system-out>
  <system-err><![CDATA[]]></system-err>
</testsuite>
